<?xml version="1.0" encoding="UTF-8"?>
<!-- Generated by org.testng.reporters.JUnitXMLReporter -->
<testsuite ignored="4" hostname="LAPTOP-GJ562UJB" failures="0" tests="1" name="InvalidLoginTest" time="11.295" errors="0" timestamp="2023-07-20T20:53:12 IST">
  <testcase classname="com.Mytest" name="InvalidLogin" time="10.407"/>
  <testcase classname="com.Mytest" name="TestRegister" time="0.0">
    <ignored/>
  </testcase> <!-- TestRegister -->
  <testcase classname="com.Mytest" name="search" time="0.0">
    <ignored/>
  </testcase> <!-- search -->
  <testcase classname="com.Mytest" name="ValidLogin" time="0.0">
    <ignored/>
  </testcase> <!-- ValidLogin -->
  <testcase classname="com.Mytest" name="addToCart" time="0.0">
    <ignored/>
  </testcase> <!-- addToCart -->
</testsuite> <!-- InvalidLoginTest -->
