<?xml version="1.0" encoding="UTF-8"?>
<!-- Generated by org.testng.reporters.JUnitXMLReporter -->
<testsuite ignored="4" hostname="LAPTOP-GJ562UJB" failures="0" tests="1" name="RegisterTest" time="16.523" errors="0" timestamp="2023-07-20T20:52:49 IST">
  <testcase classname="com.Mytest" name="TestRegister" time="14.525"/>
  <testcase classname="com.Mytest" name="search" time="0.0">
    <ignored/>
  </testcase> <!-- search -->
  <testcase classname="com.Mytest" name="InvalidLogin" time="0.0">
    <ignored/>
  </testcase> <!-- InvalidLogin -->
  <testcase classname="com.Mytest" name="addToCart" time="0.0">
    <ignored/>
  </testcase> <!-- addToCart -->
  <testcase classname="com.Mytest" name="ValidLogin" time="0.0">
    <ignored/>
  </testcase> <!-- ValidLogin -->
</testsuite> <!-- RegisterTest -->
