<?xml version="1.0" encoding="UTF-8"?>
<testng-results ignored="0" total="5" passed="5" failed="0" skipped="0">
  <reporter-output>
  </reporter-output>
  <suite started-at="2023-07-20T20:52:33 IST" name="Suite" finished-at="2023-07-20T20:53:32 IST" duration-ms="59183">
    <groups>
    </groups>
    <test started-at="2023-07-20T20:52:33 IST" name="RegisterTest" finished-at="2023-07-20T20:52:49 IST" duration-ms="16523">
      <class name="com.Mytest">
        <test-method is-config="true" signature="Setup(org.testng.ITestContext)[pri:0, instance:com.Mytest@53fb3dab]" started-at="2023-07-20T20:52:33 IST" name="Setup" finished-at="2023-07-20T20:52:35 IST" duration-ms="1843" status="PASS">
          <params>
            <param index="0">
              <value>
                <![CDATA[org.testng.TestRunner@2fc49538]]>
              </value>
            </param>
          </params>
          <reporter-output>
          </reporter-output>
        </test-method> <!-- Setup -->
        <test-method signature="TestRegister()[pri:0, instance:com.Mytest@53fb3dab]" started-at="2023-07-20T20:52:35 IST" name="TestRegister" finished-at="2023-07-20T20:52:49 IST" duration-ms="14525" status="PASS">
          <reporter-output>
          </reporter-output>
        </test-method> <!-- TestRegister -->
        <test-method is-config="true" signature="checkStatus(java.lang.reflect.Method,org.testng.ITestResult)[pri:0, instance:com.Mytest@53fb3dab]" started-at="2023-07-20T20:52:49 IST" name="checkStatus" finished-at="2023-07-20T20:52:49 IST" duration-ms="4" status="PASS">
          <params>
            <param index="0">
              <value>
                <![CDATA[public void com.Mytest.TestRegister() throws java.lang.Exception]]>
              </value>
            </param>
            <param index="1">
              <value>
                <![CDATA[[TestResult name=TestRegister status=SUCCESS method=Mytest.TestRegister()[pri:0, instance:com.Mytest@53fb3dab] output={null}]]]>
              </value>
            </param>
          </params>
          <reporter-output>
          </reporter-output>
        </test-method> <!-- checkStatus -->
        <test-method is-config="true" signature="CloseProcess()[pri:0, instance:com.Mytest@53fb3dab]" started-at="2023-07-20T20:52:49 IST" name="CloseProcess" finished-at="2023-07-20T20:52:49 IST" duration-ms="123" status="PASS">
          <reporter-output>
          </reporter-output>
        </test-method> <!-- CloseProcess -->
      </class> <!-- com.Mytest -->
    </test> <!-- RegisterTest -->
    <test started-at="2023-07-20T20:52:49 IST" name="ValidLoginTest" finished-at="2023-07-20T20:53:01 IST" duration-ms="11342">
      <class name="com.Mytest">
        <test-method is-config="true" signature="Setup(org.testng.ITestContext)[pri:0, instance:com.Mytest@451001e5]" started-at="2023-07-20T20:52:49 IST" name="Setup" finished-at="2023-07-20T20:52:50 IST" duration-ms="774" status="PASS">
          <params>
            <param index="0">
              <value>
                <![CDATA[org.testng.TestRunner@670342a2]]>
              </value>
            </param>
          </params>
          <reporter-output>
          </reporter-output>
        </test-method> <!-- Setup -->
        <test-method signature="ValidLogin()[pri:0, instance:com.Mytest@451001e5]" started-at="2023-07-20T20:52:50 IST" name="ValidLogin" finished-at="2023-07-20T20:53:01 IST" duration-ms="10406" status="PASS">
          <reporter-output>
          </reporter-output>
        </test-method> <!-- ValidLogin -->
        <test-method is-config="true" signature="checkStatus(java.lang.reflect.Method,org.testng.ITestResult)[pri:0, instance:com.Mytest@451001e5]" started-at="2023-07-20T20:53:01 IST" name="checkStatus" finished-at="2023-07-20T20:53:01 IST" duration-ms="0" status="PASS">
          <params>
            <param index="0">
              <value>
                <![CDATA[public void com.Mytest.ValidLogin() throws java.lang.Exception]]>
              </value>
            </param>
            <param index="1">
              <value>
                <![CDATA[[TestResult name=ValidLogin status=SUCCESS method=Mytest.ValidLogin()[pri:0, instance:com.Mytest@451001e5] output={null}]]]>
              </value>
            </param>
          </params>
          <reporter-output>
          </reporter-output>
        </test-method> <!-- checkStatus -->
        <test-method is-config="true" signature="CloseProcess()[pri:0, instance:com.Mytest@451001e5]" started-at="2023-07-20T20:53:01 IST" name="CloseProcess" finished-at="2023-07-20T20:53:01 IST" duration-ms="159" status="PASS">
          <reporter-output>
          </reporter-output>
        </test-method> <!-- CloseProcess -->
      </class> <!-- com.Mytest -->
    </test> <!-- ValidLoginTest -->
    <test started-at="2023-07-20T20:53:01 IST" name="InvalidLoginTest" finished-at="2023-07-20T20:53:12 IST" duration-ms="11295">
      <class name="com.Mytest">
        <test-method is-config="true" signature="Setup(org.testng.ITestContext)[pri:0, instance:com.Mytest@3e08ff24]" started-at="2023-07-20T20:53:01 IST" name="Setup" finished-at="2023-07-20T20:53:02 IST" duration-ms="764" status="PASS">
          <params>
            <param index="0">
              <value>
                <![CDATA[org.testng.TestRunner@d5e575c]]>
              </value>
            </param>
          </params>
          <reporter-output>
          </reporter-output>
        </test-method> <!-- Setup -->
        <test-method signature="InvalidLogin()[pri:0, instance:com.Mytest@3e08ff24]" started-at="2023-07-20T20:53:02 IST" name="InvalidLogin" finished-at="2023-07-20T20:53:12 IST" duration-ms="10407" status="PASS">
          <reporter-output>
          </reporter-output>
        </test-method> <!-- InvalidLogin -->
        <test-method is-config="true" signature="checkStatus(java.lang.reflect.Method,org.testng.ITestResult)[pri:0, instance:com.Mytest@3e08ff24]" started-at="2023-07-20T20:53:12 IST" name="checkStatus" finished-at="2023-07-20T20:53:12 IST" duration-ms="1" status="PASS">
          <params>
            <param index="0">
              <value>
                <![CDATA[public void com.Mytest.InvalidLogin() throws java.lang.Exception]]>
              </value>
            </param>
            <param index="1">
              <value>
                <![CDATA[[TestResult name=InvalidLogin status=SUCCESS method=Mytest.InvalidLogin()[pri:0, instance:com.Mytest@3e08ff24] output={null}]]]>
              </value>
            </param>
          </params>
          <reporter-output>
          </reporter-output>
        </test-method> <!-- checkStatus -->
        <test-method is-config="true" signature="CloseProcess()[pri:0, instance:com.Mytest@3e08ff24]" started-at="2023-07-20T20:53:12 IST" name="CloseProcess" finished-at="2023-07-20T20:53:12 IST" duration-ms="121" status="PASS">
          <reporter-output>
          </reporter-output>
        </test-method> <!-- CloseProcess -->
      </class> <!-- com.Mytest -->
    </test> <!-- InvalidLoginTest -->
    <test started-at="2023-07-20T20:53:12 IST" name="SearchTest" finished-at="2023-07-20T20:53:27 IST" duration-ms="14591">
      <class name="com.Mytest">
        <test-method is-config="true" signature="Setup(org.testng.ITestContext)[pri:0, instance:com.Mytest@5ddeb7cb]" started-at="2023-07-20T20:53:12 IST" name="Setup" finished-at="2023-07-20T20:53:13 IST" duration-ms="768" status="PASS">
          <params>
            <param index="0">
              <value>
                <![CDATA[org.testng.TestRunner@7742a45c]]>
              </value>
            </param>
          </params>
          <reporter-output>
          </reporter-output>
        </test-method> <!-- Setup -->
        <test-method signature="search()[pri:0, instance:com.Mytest@5ddeb7cb]" started-at="2023-07-20T20:53:13 IST" name="search" finished-at="2023-07-20T20:53:27 IST" duration-ms="13635" status="PASS">
          <reporter-output>
          </reporter-output>
        </test-method> <!-- search -->
        <test-method is-config="true" signature="CloseProcess()[pri:0, instance:com.Mytest@5ddeb7cb]" started-at="2023-07-20T20:53:27 IST" name="CloseProcess" finished-at="2023-07-20T20:53:27 IST" duration-ms="188" status="PASS">
          <reporter-output>
          </reporter-output>
        </test-method> <!-- CloseProcess -->
        <test-method is-config="true" signature="checkStatus(java.lang.reflect.Method,org.testng.ITestResult)[pri:0, instance:com.Mytest@5ddeb7cb]" started-at="2023-07-20T20:53:27 IST" name="checkStatus" finished-at="2023-07-20T20:53:27 IST" duration-ms="0" status="PASS">
          <params>
            <param index="0">
              <value>
                <![CDATA[public void com.Mytest.search() throws java.lang.Exception]]>
              </value>
            </param>
            <param index="1">
              <value>
                <![CDATA[[TestResult name=search status=SUCCESS method=Mytest.search()[pri:0, instance:com.Mytest@5ddeb7cb] output={null}]]]>
              </value>
            </param>
          </params>
          <reporter-output>
          </reporter-output>
        </test-method> <!-- checkStatus -->
      </class> <!-- com.Mytest -->
    </test> <!-- SearchTest -->
    <test started-at="2023-07-20T20:53:27 IST" name="AddToCartTest" finished-at="2023-07-20T20:53:32 IST" duration-ms="5417">
      <class name="com.Mytest">
        <test-method is-config="true" signature="InitializeReport()[pri:0, instance:com.Mytest@7188af83]" started-at="2023-07-20T20:52:33 IST" name="InitializeReport" finished-at="2023-07-20T20:52:33 IST" duration-ms="291" status="PASS">
          <reporter-output>
          </reporter-output>
        </test-method> <!-- InitializeReport -->
        <test-method is-config="true" signature="Setup(org.testng.ITestContext)[pri:0, instance:com.Mytest@7188af83]" started-at="2023-07-20T20:53:27 IST" name="Setup" finished-at="2023-07-20T20:53:28 IST" duration-ms="843" status="PASS">
          <params>
            <param index="0">
              <value>
                <![CDATA[org.testng.TestRunner@7ca492d9]]>
              </value>
            </param>
          </params>
          <reporter-output>
          </reporter-output>
        </test-method> <!-- Setup -->
        <test-method signature="addToCart()[pri:0, instance:com.Mytest@7188af83]" started-at="2023-07-20T20:53:28 IST" name="addToCart" finished-at="2023-07-20T20:53:32 IST" duration-ms="4456" status="PASS">
          <reporter-output>
          </reporter-output>
        </test-method> <!-- addToCart -->
        <test-method is-config="true" signature="checkStatus(java.lang.reflect.Method,org.testng.ITestResult)[pri:0, instance:com.Mytest@7188af83]" started-at="2023-07-20T20:53:32 IST" name="checkStatus" finished-at="2023-07-20T20:53:32 IST" duration-ms="1" status="PASS">
          <params>
            <param index="0">
              <value>
                <![CDATA[public void com.Mytest.addToCart() throws java.lang.Exception]]>
              </value>
            </param>
            <param index="1">
              <value>
                <![CDATA[[TestResult name=addToCart status=SUCCESS method=Mytest.addToCart()[pri:0, instance:com.Mytest@7188af83] output={null}]]]>
              </value>
            </param>
          </params>
          <reporter-output>
          </reporter-output>
        </test-method> <!-- checkStatus -->
        <test-method is-config="true" signature="CloseProcess()[pri:0, instance:com.Mytest@7188af83]" started-at="2023-07-20T20:53:32 IST" name="CloseProcess" finished-at="2023-07-20T20:53:32 IST" duration-ms="116" status="PASS">
          <reporter-output>
          </reporter-output>
        </test-method> <!-- CloseProcess -->
        <test-method is-config="true" signature="generateReport()[pri:0, instance:com.Mytest@7188af83]" started-at="2023-07-20T20:53:32 IST" name="generateReport" finished-at="2023-07-20T20:53:32 IST" duration-ms="313" status="PASS">
          <reporter-output>
          </reporter-output>
        </test-method> <!-- generateReport -->
      </class> <!-- com.Mytest -->
    </test> <!-- AddToCartTest -->
  </suite> <!-- Suite -->
</testng-results>
